TN:
SF:app\page.tsx
FN:1,Home
FN:49,FeatureCard
FNF:2
FNH:0
FNDA:0,Home
FNDA:0,FeatureCard
DA:1,0
LF:1
LH:0
BRF:0
BRH:0
end_of_record
TN:
SF:app\agent\page.tsx
FN:89,AgentPage
FN:103,(anonymous_2)
FN:110,sendMessage
FN:121,(anonymous_4)
FN:236,(anonymous_5)
FN:242,(anonymous_6)
FN:269,(anonymous_7)
FN:281,(anonymous_8)
FN:287,handleKeyDown
FN:315,(anonymous_10)
FN:337,(anonymous_11)
FN:345,(anonymous_12)
FN:362,MessageBubble
FN:391,(anonymous_14)
FNF:14
FNH:0
FNDA:0,AgentPage
FNDA:0,(anonymous_2)
FNDA:0,sendMessage
FNDA:0,(anonymous_4)
FNDA:0,(anonymous_5)
FNDA:0,(anonymous_6)
FNDA:0,(anonymous_7)
FNDA:0,(anonymous_8)
FNDA:0,handleKeyDown
FNDA:0,(anonymous_10)
FNDA:0,(anonymous_11)
FNDA:0,(anonymous_12)
FNDA:0,MessageBubble
FNDA:0,(anonymous_14)
DA:3,0
DA:89,0
DA:90,0
DA:99,0
DA:100,0
DA:101,0
DA:103,0
DA:104,0
DA:111,0
DA:112,0
DA:114,0
DA:121,0
DA:122,0
DA:123,0
DA:125,0
DA:126,0
DA:134,0
DA:135,0
DA:138,0
DA:140,0
DA:141,0
DA:142,0
DA:143,0
DA:144,0
DA:146,0
DA:148,0
DA:149,0
DA:150,0
DA:155,0
DA:160,0
DA:165,0
DA:170,0
DA:175,0
DA:177,0
DA:180,0
DA:182,0
DA:183,0
DA:185,0
DA:187,0
DA:192,0
DA:196,0
DA:197,0
DA:198,0
DA:199,0
DA:200,0
DA:201,0
DA:202,0
DA:203,0
DA:204,0
DA:205,0
DA:208,0
DA:211,0
DA:213,0
DA:218,0
DA:222,0
DA:223,0
DA:224,0
DA:225,0
DA:226,0
DA:227,0
DA:228,0
DA:229,0
DA:230,0
DA:233,0
DA:237,0
DA:243,0
DA:248,0
DA:252,0
DA:261,0
DA:269,0
DA:271,0
DA:273,0
DA:281,0
DA:283,0
DA:288,0
DA:289,0
DA:290,0
DA:316,0
DA:337,0
DA:345,0
DA:371,0
DA:392,0
LF:82
LH:0
BRDA:112,0,0,0
BRDA:112,0,1,0
BRDA:112,1,0,0
BRDA:112,1,1,0
BRDA:134,2,0,0
BRDA:134,2,1,0
BRDA:140,3,0,0
BRDA:140,3,1,0
BRDA:141,4,0,0
BRDA:141,4,1,0
BRDA:148,5,0,0
BRDA:148,5,1,0
BRDA:151,6,0,0
BRDA:151,6,1,0
BRDA:156,7,0,0
BRDA:156,7,1,0
BRDA:161,8,0,0
BRDA:161,8,1,0
BRDA:166,9,0,0
BRDA:166,9,1,0
BRDA:171,10,0,0
BRDA:171,10,1,0
BRDA:175,11,0,0
BRDA:175,11,1,0
BRDA:182,12,0,0
BRDA:182,12,1,0
BRDA:185,13,0,0
BRDA:185,13,1,0
BRDA:187,14,0,0
BRDA:187,14,1,0
BRDA:192,15,0,0
BRDA:192,15,1,0
BRDA:199,16,0,0
BRDA:199,16,1,0
BRDA:200,17,0,0
BRDA:200,17,1,0
BRDA:201,18,0,0
BRDA:201,18,1,0
BRDA:202,19,0,0
BRDA:202,19,1,0
BRDA:203,20,0,0
BRDA:203,20,1,0
BRDA:204,21,0,0
BRDA:204,21,1,0
BRDA:205,22,0,0
BRDA:205,22,1,0
BRDA:211,23,0,0
BRDA:211,23,1,0
BRDA:213,24,0,0
BRDA:213,24,1,0
BRDA:218,25,0,0
BRDA:218,25,1,0
BRDA:225,26,0,0
BRDA:225,26,1,0
BRDA:226,27,0,0
BRDA:226,27,1,0
BRDA:227,28,0,0
BRDA:227,28,1,0
BRDA:228,29,0,0
BRDA:228,29,1,0
BRDA:229,30,0,0
BRDA:229,30,1,0
BRDA:230,31,0,0
BRDA:230,31,1,0
BRDA:237,32,0,0
BRDA:237,32,1,0
BRDA:237,32,2,0
BRDA:237,32,3,0
BRDA:243,33,0,0
BRDA:243,33,1,0
BRDA:248,34,0,0
BRDA:248,34,1,0
BRDA:254,35,0,0
BRDA:254,35,1,0
BRDA:254,36,0,0
BRDA:254,36,1,0
BRDA:257,37,0,0
BRDA:257,37,1,0
BRDA:288,38,0,0
BRDA:288,38,1,0
BRDA:288,39,0,0
BRDA:288,39,1,0
BRDA:324,40,0,0
BRDA:374,41,0,0
BRDA:374,41,1,0
BRDA:378,42,0,0
BRDA:378,42,1,0
BRDA:383,43,0,0
BRDA:383,43,1,0
BRDA:387,44,0,0
BRDA:387,44,1,0
BRDA:387,44,2,0
BRF:92
BRH:0
end_of_record
TN:
SF:app\api\agent\context\route.ts
FN:17,extractTickerOrQuery
FN:24,fetchPythonMarketData
FN:42,POST
FN:57,(anonymous_4)
FN:61,(anonymous_5)
FN:65,(anonymous_6)
FNF:6
FNH:4
FNDA:4,extractTickerOrQuery
FNDA:4,fetchPythonMarketData
FNDA:5,POST
FNDA:0,(anonymous_4)
FNDA:1,(anonymous_5)
FNDA:0,(anonymous_6)
DA:1,1
DA:5,1
DA:9,1
DA:10,1
DA:11,1
DA:18,4
DA:19,4
DA:20,4
DA:21,4
DA:26,4
DA:28,4
DA:30,4
DA:34,3
DA:35,0
DA:36,0
DA:39,3
DA:42,5
DA:43,5
DA:44,5
DA:45,5
DA:47,5
DA:48,1
DA:54,4
DA:56,4
DA:58,0
DA:59,0
DA:62,1
DA:63,1
DA:66,0
DA:67,0
DA:71,4
DA:72,0
DA:73,0
DA:74,0
DA:76,0
DA:85,4
DA:87,4
LF:37
LH:27
BRDA:21,0,0,4
BRDA:21,0,1,0
BRDA:26,1,0,4
BRDA:26,1,1,4
BRDA:34,2,0,0
BRDA:34,2,1,3
BRDA:47,3,0,1
BRDA:47,3,1,4
BRF:8
BRH:6
end_of_record
TN:
SF:app\api\auth\[...nextauth]\route.ts
FN:13,(anonymous_4)
FN:22,(anonymous_5)
FNF:2
FNH:0
FNDA:0,(anonymous_4)
FNDA:0,(anonymous_5)
DA:1,0
DA:2,0
DA:4,0
DA:15,0
DA:16,0
DA:17,0
DA:18,0
DA:20,0
DA:24,0
DA:25,0
DA:27,0
DA:32,0
LF:12
LH:0
BRDA:15,0,0,0
BRDA:15,0,1,0
BRDA:24,1,0,0
BRDA:24,1,1,0
BRDA:24,2,0,0
BRDA:24,2,1,0
BRF:6
BRH:0
end_of_record
TN:
SF:app\api\reddit\route.ts
FN:4,GET
FNF:1
FNH:0
FNDA:0,GET
DA:1,0
DA:2,0
DA:4,0
DA:5,0
DA:6,0
DA:7,0
DA:9,0
LF:7
LH:0
BRDA:6,0,0,0
BRDA:6,0,1,0
BRF:2
BRH:0
end_of_record
TN:
SF:app\api\social\route.ts
FN:4,GET
FNF:1
FNH:0
FNDA:0,GET
DA:1,0
DA:2,0
DA:4,0
DA:5,0
DA:6,0
DA:7,0
DA:8,0
DA:10,0
LF:8
LH:0
BRDA:6,0,0,0
BRDA:6,0,1,0
BRDA:12,1,0,0
BRDA:12,1,1,0
BRDA:13,2,0,0
BRDA:13,2,1,0
BRDA:16,3,0,0
BRDA:16,3,1,0
BRF:8
BRH:0
end_of_record
TN:
SF:app\api\stock\[symbol]\route.ts
FN:4,makeMockSeries
FN:5,(anonymous_2)
FN:28,GET
FN:40,(anonymous_4)
FNF:4
FNH:0
FNDA:0,makeMockSeries
FNDA:0,(anonymous_2)
FNDA:0,GET
FNDA:0,(anonymous_4)
DA:1,0
DA:2,0
DA:5,0
DA:6,0
DA:7,0
DA:9,0
DA:10,0
DA:11,0
DA:12,0
DA:13,0
DA:15,0
DA:16,0
DA:17,0
DA:19,0
DA:25,0
DA:28,0
DA:32,0
DA:33,0
DA:34,0
DA:36,0
DA:37,0
DA:40,0
DA:44,0
LF:23
LH:0
BRDA:13,0,0,0
BRDA:13,0,1,0
BRDA:13,1,0,0
BRDA:13,1,1,0
BRDA:36,2,0,0
BRDA:36,2,1,0
BRF:6
BRH:0
end_of_record
TN:
SF:app\api\twitter\route.ts
FN:3,GET
FN:21,(anonymous_2)
FN:32,(anonymous_3)
FN:40,(anonymous_4)
FN:65,(anonymous_5)
FN:82,(anonymous_6)
FNF:6
FNH:0
FNDA:0,GET
FNDA:0,(anonymous_2)
FNDA:0,(anonymous_3)
FNDA:0,(anonymous_4)
FNDA:0,(anonymous_5)
FNDA:0,(anonymous_6)
DA:1,0
DA:3,0
DA:4,0
DA:6,0
DA:7,0
DA:9,0
DA:10,0
DA:12,0
DA:13,0
DA:16,0
DA:17,0
DA:19,0
DA:21,0
DA:25,0
DA:27,0
DA:28,0
DA:31,0
DA:33,0
DA:37,0
DA:39,0
DA:40,0
DA:41,0
DA:48,0
DA:49,0
DA:58,0
DA:62,0
DA:64,0
DA:65,0
DA:66,0
DA:77,0
DA:78,0
DA:80,0
DA:82,0
LF:33
LH:0
BRDA:9,0,0,0
BRDA:9,0,1,0
BRDA:12,1,0,0
BRDA:12,1,1,0
BRDA:16,2,0,0
BRDA:16,2,1,0
BRDA:17,3,0,0
BRDA:17,3,1,0
BRDA:27,4,0,0
BRDA:27,4,1,0
BRDA:39,5,0,0
BRDA:39,5,1,0
BRDA:64,6,0,0
BRDA:64,6,1,0
BRDA:78,7,0,0
BRDA:78,7,1,0
BRF:16
BRH:0
end_of_record
TN:
SF:app\auth\page.tsx
FN:6,AuthPage
FN:41,(anonymous_2)
FNF:2
FNH:0
FNDA:0,AuthPage
FNDA:0,(anonymous_2)
DA:3,0
DA:4,0
DA:6,0
DA:7,0
DA:8,0
DA:10,0
DA:11,0
DA:14,0
DA:16,0
DA:17,0
DA:18,0
DA:19,0
DA:20,0
DA:41,0
LF:14
LH:0
BRDA:10,0,0,0
BRDA:10,0,1,0
BRDA:14,1,0,0
BRDA:14,1,1,0
BRDA:17,2,0,0
BRDA:17,2,1,0
BRDA:19,3,0,0
BRDA:19,3,1,0
BRDA:31,4,0,0
BRDA:41,5,0,0
BRDA:41,5,1,0
BRF:11
BRH:0
end_of_record
TN:
SF:app\graphing\page.tsx
FN:60,StockDetails
FN:70,(anonymous_5)
FN:71,(anonymous_6)
FN:107,DetailItem
FN:116,GraphingPage
FN:152,fetchStockData
FN:172,(anonymous_10)
FN:178,(anonymous_11)
FN:185,(anonymous_12)
FN:233,handleAddStock
FN:258,(anonymous_14)
FN:259,(anonymous_15)
FN:264,(anonymous_16)
FN:265,(anonymous_17)
FN:271,handleAddAverage
FN:272,(anonymous_19)
FN:279,calculateAverageStock
FN:281,(anonymous_21)
FN:286,(anonymous_22)
FN:286,(anonymous_23)
FN:288,(anonymous_24)
FN:289,(anonymous_25)
FN:291,(anonymous_26)
FN:294,(anonymous_27)
FN:294,(anonymous_28)
FN:297,(anonymous_29)
FN:300,(anonymous_30)
FN:315,handleExport
FN:316,(anonymous_32)
FN:318,(anonymous_33)
FN:339,handleImportJSON
FN:359,(anonymous_35)
FN:361,(anonymous_36)
FN:369,(anonymous_37)
FN:371,(anonymous_38)
FN:372,(anonymous_39)
FN:402,(anonymous_40)
FN:423,(anonymous_41)
FN:426,(anonymous_42)
FN:427,(anonymous_43)
FN:430,(anonymous_44)
FN:437,(anonymous_45)
FN:447,(anonymous_46)
FN:448,(anonymous_47)
FN:453,(anonymous_48)
FN:454,(anonymous_49)
FN:455,(anonymous_50)
FN:462,(anonymous_51)
FN:470,(anonymous_52)
FN:475,(anonymous_53)
FN:493,(anonymous_54)
FN:522,(anonymous_55)
FN:535,(anonymous_56)
FN:564,(anonymous_57)
FN:581,(anonymous_58)
FN:594,(anonymous_59)
FN:597,(anonymous_60)
FN:621,(anonymous_61)
FN:638,(anonymous_62)
FN:639,(anonymous_63)
FN:640,(anonymous_64)
FN:652,(anonymous_65)
FN:653,(anonymous_66)
FNF:63
FNH:0
FNDA:0,StockDetails
FNDA:0,(anonymous_5)
FNDA:0,(anonymous_6)
FNDA:0,DetailItem
FNDA:0,GraphingPage
FNDA:0,fetchStockData
FNDA:0,(anonymous_10)
FNDA:0,(anonymous_11)
FNDA:0,(anonymous_12)
FNDA:0,handleAddStock
FNDA:0,(anonymous_14)
FNDA:0,(anonymous_15)
FNDA:0,(anonymous_16)
FNDA:0,(anonymous_17)
FNDA:0,handleAddAverage
FNDA:0,(anonymous_19)
FNDA:0,calculateAverageStock
FNDA:0,(anonymous_21)
FNDA:0,(anonymous_22)
FNDA:0,(anonymous_23)
FNDA:0,(anonymous_24)
FNDA:0,(anonymous_25)
FNDA:0,(anonymous_26)
FNDA:0,(anonymous_27)
FNDA:0,(anonymous_28)
FNDA:0,(anonymous_29)
FNDA:0,(anonymous_30)
FNDA:0,handleExport
FNDA:0,(anonymous_32)
FNDA:0,(anonymous_33)
FNDA:0,handleImportJSON
FNDA:0,(anonymous_35)
FNDA:0,(anonymous_36)
FNDA:0,(anonymous_37)
FNDA:0,(anonymous_38)
FNDA:0,(anonymous_39)
FNDA:0,(anonymous_40)
FNDA:0,(anonymous_41)
FNDA:0,(anonymous_42)
FNDA:0,(anonymous_43)
FNDA:0,(anonymous_44)
FNDA:0,(anonymous_45)
FNDA:0,(anonymous_46)
FNDA:0,(anonymous_47)
FNDA:0,(anonymous_48)
FNDA:0,(anonymous_49)
FNDA:0,(anonymous_50)
FNDA:0,(anonymous_51)
FNDA:0,(anonymous_52)
FNDA:0,(anonymous_53)
FNDA:0,(anonymous_54)
FNDA:0,(anonymous_55)
FNDA:0,(anonymous_56)
FNDA:0,(anonymous_57)
FNDA:0,(anonymous_58)
FNDA:0,(anonymous_59)
FNDA:0,(anonymous_60)
FNDA:0,(anonymous_61)
FNDA:0,(anonymous_62)
FNDA:0,(anonymous_63)
FNDA:0,(anonymous_64)
FNDA:0,(anonymous_65)
FNDA:0,(anonymous_66)
DA:3,0
DA:4,0
DA:62,0
DA:64,0
DA:65,0
DA:67,0
DA:68,0
DA:70,0
DA:71,0
DA:116,0
DA:118,0
DA:120,0
DA:122,0
DA:124,0
DA:126,0
DA:128,0
DA:130,0
DA:132,0
DA:135,0
DA:137,0
DA:138,0
DA:141,0
DA:143,0
DA:150,0
DA:153,0
DA:154,0
DA:156,0
DA:157,0
DA:158,0
DA:159,0
DA:162,0
DA:164,0
DA:166,0
DA:167,0
DA:168,0
DA:172,0
DA:178,0
DA:181,0
DA:185,0
DA:187,0
DA:189,0
DA:195,0
DA:196,0
DA:234,0
DA:236,0
DA:238,0
DA:240,0
DA:241,0
DA:242,0
DA:244,0
DA:247,0
DA:255,0
DA:256,0
DA:258,0
DA:259,0
DA:260,0
DA:261,0
DA:264,0
DA:265,0
DA:268,0
DA:272,0
DA:281,0
DA:283,0
DA:285,0
DA:286,0
DA:288,0
DA:289,0
DA:291,0
DA:293,0
DA:294,0
DA:297,0
DA:300,0
DA:302,0
DA:305,0
DA:316,0
DA:318,0
DA:325,0
DA:330,0
DA:331,0
DA:333,0
DA:334,0
DA:335,0
DA:336,0
DA:340,0
DA:341,0
DA:343,0
DA:344,0
DA:346,0
DA:347,0
DA:348,0
DA:351,0
DA:352,0
DA:353,0
DA:356,0
DA:359,0
DA:361,0
DA:369,0
DA:370,0
DA:371,0
DA:372,0
DA:373,0
DA:376,0
DA:377,0
DA:380,0
DA:381,0
DA:386,0
DA:394,0
DA:398,0
DA:402,0
DA:403,0
DA:405,0
DA:406,0
DA:408,0
DA:410,0
DA:412,0
DA:413,0
DA:421,0
DA:423,0
DA:426,0
DA:427,0
DA:430,0
DA:431,0
DA:432,0
DA:433,0
DA:437,0
DA:438,0
DA:439,0
DA:440,0
DA:441,0
DA:444,0
DA:447,0
DA:448,0
DA:449,0
DA:452,0
DA:453,0
DA:454,0
DA:455,0
DA:458,0
DA:459,0
DA:460,0
DA:462,0
DA:464,0
DA:465,0
DA:468,0
DA:470,0
DA:475,0
DA:476,0
DA:477,0
DA:478,0
DA:481,0
DA:493,0
DA:499,0
DA:523,0
DA:536,0
DA:538,0
DA:539,0
DA:564,0
DA:581,0
DA:595,0
DA:597,0
DA:622,0
DA:639,0
DA:640,0
DA:641,0
DA:653,0
LF:165
LH:0
BRDA:62,0,0,0
BRDA:62,0,1,0
BRDA:77,1,0,0
BRDA:85,2,0,0
BRDA:143,3,0,0
BRDA:143,3,1,0
BRDA:156,4,0,0
BRDA:156,4,1,0
BRDA:166,5,0,0
BRDA:166,5,1,0
BRDA:166,6,0,0
BRDA:166,6,1,0
BRDA:191,7,0,0
BRDA:191,7,1,0
BRDA:192,8,0,0
BRDA:192,8,1,0
BRDA:236,9,0,0
BRDA:236,9,1,0
BRDA:240,10,0,0
BRDA:240,10,1,0
BRDA:240,11,0,0
BRDA:240,11,1,0
BRDA:255,12,0,0
BRDA:255,12,1,0
BRDA:260,13,0,0
BRDA:260,13,1,0
BRDA:264,14,0,0
BRDA:264,14,1,0
BRDA:283,15,0,0
BRDA:283,15,1,0
BRDA:297,16,0,0
BRDA:297,16,1,0
BRDA:341,17,0,0
BRDA:341,17,1,0
BRDA:341,18,0,0
BRDA:341,18,1,0
BRDA:351,19,0,0
BRDA:351,19,1,0
BRDA:365,20,0,0
BRDA:365,20,1,0
BRDA:365,20,2,0
BRDA:372,21,0,0
BRDA:372,21,1,0
BRDA:394,22,0,0
BRDA:394,22,1,0
BRDA:394,23,0,0
BRDA:394,23,1,0
BRDA:398,24,0,0
BRDA:398,24,1,0
BRDA:403,25,0,0
BRDA:403,25,1,0
BRDA:408,26,0,0
BRDA:408,26,1,0
BRDA:412,27,0,0
BRDA:412,27,1,0
BRDA:412,28,0,0
BRDA:412,28,1,0
BRDA:431,29,0,0
BRDA:431,29,1,0
BRDA:439,30,0,0
BRDA:439,30,1,0
BRDA:439,31,0,0
BRDA:439,31,1,0
BRDA:447,32,0,0
BRDA:447,32,1,0
BRDA:448,33,0,0
BRDA:448,33,1,0
BRDA:453,34,0,0
BRDA:453,34,1,0
BRDA:462,35,0,0
BRDA:462,35,1,0
BRDA:462,36,0,0
BRDA:462,36,1,0
BRDA:476,37,0,0
BRDA:476,37,1,0
BRDA:484,38,0,0
BRDA:484,38,1,0
BRDA:485,39,0,0
BRDA:485,39,1,0
BRDA:526,40,0,0
BRDA:526,40,1,0
BRDA:538,41,0,0
BRDA:538,41,1,0
BRDA:543,42,0,0
BRDA:543,42,1,0
BRDA:577,43,0,0
BRDA:599,44,0,0
BRDA:599,44,1,0
BRDA:619,45,0,0
BRDA:637,46,0,0
BRDA:637,46,1,0
BRDA:641,47,0,0
BRDA:641,47,1,0
BRDA:650,48,0,0
BRDA:669,49,0,0
BRDA:689,50,0,0
BRDA:689,50,1,0
BRF:97
BRH:0
end_of_record
TN:
SF:app\hooks\useDarkMode.ts
FN:5,useDarkMode
FN:6,(anonymous_2)
FN:11,(anonymous_3)
FN:16,(anonymous_4)
FN:16,(anonymous_5)
FNF:5
FNH:5
FNDA:5,useDarkMode
FNDA:3,(anonymous_2)
FNDA:5,(anonymous_3)
FNDA:2,(anonymous_4)
FNDA:2,(anonymous_5)
DA:3,1
DA:5,5
DA:6,5
DA:7,3
DA:8,3
DA:11,5
DA:12,5
DA:13,5
DA:16,5
DA:18,5
LF:10
LH:10
BRDA:7,0,0,0
BRDA:7,0,1,3
BRF:2
BRH:1
end_of_record
TN:
SF:app\reddit\page.tsx
FN:32,formatDate
FN:39,SentimentBar
FN:53,SourceBadge
FN:58,RedditPage
FN:69,(anonymous_5)
FN:71,loadData
FN:100,(anonymous_7)
FN:104,submitSymbol
FN:123,(anonymous_9)
FN:124,(anonymous_10)
FN:184,(anonymous_11)
FN:216,(anonymous_12)
FNF:12
FNH:0
FNDA:0,formatDate
FNDA:0,SentimentBar
FNDA:0,SourceBadge
FNDA:0,RedditPage
FNDA:0,(anonymous_5)
FNDA:0,loadData
FNDA:0,(anonymous_7)
FNDA:0,submitSymbol
FNDA:0,(anonymous_9)
FNDA:0,(anonymous_10)
FNDA:0,(anonymous_11)
FNDA:0,(anonymous_12)
DA:3,0
DA:33,0
DA:34,0
DA:35,0
DA:36,0
DA:54,0
DA:58,0
DA:59,0
DA:60,0
DA:61,0
DA:62,0
DA:63,0
DA:64,0
DA:65,0
DA:66,0
DA:67,0
DA:69,0
DA:72,0
DA:73,0
DA:74,0
DA:75,0
DA:80,0
DA:81,0
DA:83,0
DA:84,0
DA:86,0
DA:87,0
DA:88,0
DA:89,0
DA:90,0
DA:91,0
DA:93,0
DA:94,0
DA:96,0
DA:100,0
DA:101,0
DA:105,0
DA:106,0
DA:107,0
DA:123,0
DA:124,0
DA:185,0
DA:217,0
LF:43
LH:0
BRDA:33,0,0,0
BRDA:33,0,1,0
BRDA:35,1,0,0
BRDA:35,1,1,0
BRDA:54,2,0,0
BRDA:54,2,1,0
BRDA:54,3,0,0
BRDA:54,3,1,0
BRDA:80,4,0,0
BRDA:80,4,1,0
BRDA:81,5,0,0
BRDA:81,5,1,0
BRDA:87,6,0,0
BRDA:87,6,1,0
BRDA:88,7,0,0
BRDA:88,7,1,0
BRDA:89,8,0,0
BRDA:89,8,1,0
BRDA:90,9,0,0
BRDA:90,9,1,0
BRDA:106,10,0,0
BRDA:106,10,1,0
BRDA:124,11,0,0
BRDA:124,11,1,0
BRDA:133,12,0,0
BRDA:133,12,1,0
BRDA:138,13,0,0
BRDA:143,14,0,0
BRDA:148,15,0,0
BRDA:159,16,0,0
BRDA:189,17,0,0
BRDA:189,17,1,0
BRDA:195,18,0,0
BRDA:211,19,0,0
BRDA:211,19,1,0
BRDA:221,20,0,0
BRDA:221,20,1,0
BRF:37
BRH:0
end_of_record
TN:
SF:app\trending\page.tsx
FN:1,TrendingPage
FNF:1
FNH:0
FNDA:0,TrendingPage
DA:1,0
LF:1
LH:0
BRF:0
BRH:0
end_of_record
TN:
SF:app\twitter\page.tsx
FN:19,TwitterStocksPage
FN:28,(anonymous_2)
FN:30,refresh
FN:48,(anonymous_4)
FN:53,addSymbol
FN:68,removeSymbol
FN:69,(anonymous_7)
FN:89,(anonymous_8)
FN:90,(anonymous_9)
FN:120,(anonymous_10)
FN:125,(anonymous_11)
FN:142,(anonymous_12)
FN:160,(anonymous_13)
FNF:13
FNH:0
FNDA:0,TwitterStocksPage
FNDA:0,(anonymous_2)
FNDA:0,refresh
FNDA:0,(anonymous_4)
FNDA:0,addSymbol
FNDA:0,removeSymbol
FNDA:0,(anonymous_7)
FNDA:0,(anonymous_8)
FNDA:0,(anonymous_9)
FNDA:0,(anonymous_10)
FNDA:0,(anonymous_11)
FNDA:0,(anonymous_12)
FNDA:0,(anonymous_13)
DA:3,0
DA:19,0
DA:20,0
DA:21,0
DA:22,0
DA:23,0
DA:24,0
DA:25,0
DA:26,0
DA:28,0
DA:31,0
DA:32,0
DA:33,0
DA:34,0
DA:35,0
DA:36,0
DA:37,0
DA:38,0
DA:39,0
DA:40,0
DA:42,0
DA:44,0
DA:48,0
DA:49,0
DA:54,0
DA:55,0
DA:56,0
DA:57,0
DA:58,0
DA:60,0
DA:61,0
DA:62,0
DA:64,0
DA:65,0
DA:69,0
DA:70,0
DA:71,0
DA:89,0
DA:90,0
DA:121,0
DA:122,0
DA:123,0
DA:125,0
DA:142,0
DA:161,0
LF:45
LH:0
BRDA:35,0,0,0
BRDA:35,0,1,0
BRDA:40,1,0,0
BRDA:40,1,1,0
BRDA:42,2,0,0
BRDA:42,2,1,0
BRDA:55,3,0,0
BRDA:55,3,1,0
BRDA:56,4,0,0
BRDA:56,4,1,0
BRDA:60,5,0,0
BRDA:60,5,1,0
BRDA:70,6,0,0
BRDA:70,6,1,0
BRDA:71,7,0,0
BRDA:71,7,1,0
BRDA:71,8,0,0
BRDA:71,8,1,0
BRDA:90,9,0,0
BRDA:90,9,1,0
BRDA:104,10,0,0
BRDA:104,10,1,0
BRDA:108,11,0,0
BRDA:124,12,0,0
BRDA:124,12,1,0
BRDA:128,13,0,0
BRDA:128,13,1,0
BRDA:130,14,0,0
BRDA:130,14,1,0
BRDA:132,15,0,0
BRDA:132,15,1,0
BRDA:157,16,0,0
BRDA:170,17,0,0
BRDA:170,17,1,0
BRDA:170,18,0,0
BRDA:170,18,1,0
BRDA:172,19,0,0
BRF:37
BRH:0
end_of_record
TN:
SF:components\HelpPanel.tsx
FN:1,HelpPanel
FNF:1
FNH:1
FNDA:3,HelpPanel
DA:1,3
LF:1
LH:1
BRF:0
BRH:0
end_of_record
TN:
SF:components\Navbar.tsx
FN:8,Navbar
FN:57,(anonymous_3)
FN:67,(anonymous_4)
FN:79,(anonymous_5)
FN:79,(anonymous_6)
FN:111,NavButton
FN:128,ProtectedNavButton
FN:162,Setting
FNF:8
FNH:0
FNDA:0,Navbar
FNDA:0,(anonymous_3)
FNDA:0,(anonymous_4)
FNDA:0,(anonymous_5)
FNDA:0,(anonymous_6)
FNDA:0,NavButton
FNDA:0,ProtectedNavButton
FNDA:0,Setting
DA:3,0
DA:4,0
DA:5,0
DA:6,0
DA:8,0
DA:9,0
DA:10,0
DA:11,0
DA:14,0
DA:16,0
DA:19,0
DA:21,0
DA:57,0
DA:67,0
DA:79,0
DA:138,0
LF:16
LH:0
BRDA:16,0,0,0
BRDA:16,0,1,0
BRDA:16,0,2,0
BRDA:48,1,0,0
BRDA:52,2,0,0
BRDA:51,3,0,0
BRDA:51,3,1,0
BRDA:51,3,2,0
BRDA:85,4,0,0
BRDA:138,5,0,0
BRDA:138,5,1,0
BRDA:145,6,0,0
BRDA:145,6,1,0
BRDA:150,7,0,0
BRDA:150,7,1,0
BRDA:156,8,0,0
BRDA:164,9,0,0
BRF:17
BRH:0
end_of_record
TN:
SF:lib\market_historicalPrices.ts
FN:10,unixToDateString
FN:14,fetchHistoricalPrices
FN:33,(anonymous_3)
FN:52,(anonymous_4)
FN:60,(anonymous_5)
FN:61,(anonymous_6)
FNF:6
FNH:0
FNDA:0,unixToDateString
FNDA:0,fetchHistoricalPrices
FNDA:0,(anonymous_3)
FNDA:0,(anonymous_4)
FNDA:0,(anonymous_5)
FNDA:0,(anonymous_6)
DA:11,0
DA:14,0
DA:15,0
DA:17,0
DA:18,0
DA:19,0
DA:22,0
DA:23,0
DA:24,0
DA:26,0
DA:30,0
DA:31,0
DA:32,0
DA:33,0
DA:34,0
DA:35,0
DA:38,0
DA:48,0
DA:49,0
DA:52,0
DA:60,0
DA:61,0
DA:63,0
DA:65,0
DA:66,0
LF:25
LH:0
BRDA:14,0,0,0
BRDA:14,1,0,0
BRDA:17,2,0,0
BRDA:17,2,1,0
BRDA:32,3,0,0
BRDA:32,3,1,0
BRDA:48,4,0,0
BRDA:48,4,1,0
BRDA:48,5,0,0
BRDA:48,5,1,0
BRDA:54,6,0,0
BRDA:54,6,1,0
BRDA:55,7,0,0
BRDA:55,7,1,0
BRDA:56,8,0,0
BRDA:56,8,1,0
BRDA:57,9,0,0
BRDA:57,9,1,0
BRDA:58,10,0,0
BRDA:58,10,1,0
BRDA:60,11,0,0
BRDA:60,11,1,0
BRF:22
BRH:0
end_of_record
TN:
SF:lib\market_indicators.ts
FN:23,average
FN:25,(anonymous_2)
FN:28,sma
FN:33,ema
FN:46,pctChange
FN:53,rsi
FN:81,calculateIndicators
FN:82,(anonymous_8)
FN:83,(anonymous_9)
FNF:9
FNH:9
FNDA:161,average
FNDA:3043,(anonymous_2)
FNDA:20,sma
FNDA:152,ema
FNDA:22,pctChange
FNDA:10,rsi
FNDA:10,calculateIndicators
FNDA:234,(anonymous_8)
FNDA:234,(anonymous_9)
DA:24,161
DA:25,3043
DA:29,20
DA:30,9
DA:34,152
DA:36,142
DA:37,142
DA:39,142
DA:40,2961
DA:43,142
DA:47,22
DA:48,0
DA:50,22
DA:54,10
DA:56,7
DA:57,7
DA:59,7
DA:60,98
DA:61,98
DA:62,0
DA:65,7
DA:66,7
DA:68,7
DA:69,116
DA:70,116
DA:71,116
DA:72,116
DA:73,116
DA:76,7
DA:77,0
DA:78,0
DA:81,10
DA:82,234
DA:83,234
DA:84,10
DA:85,10
DA:87,10
DA:88,10
DA:89,10
DA:91,10
DA:92,10
DA:93,65
DA:94,65
DA:95,65
DA:96,65
DA:97,65
DA:101,10
DA:102,10
DA:104,10
LF:49
LH:45
BRDA:24,0,0,0
BRDA:24,0,1,161
BRDA:29,1,0,11
BRDA:29,1,1,9
BRDA:34,2,0,10
BRDA:34,2,1,142
BRDA:47,3,0,0
BRDA:47,3,1,22
BRDA:47,4,0,22
BRDA:47,4,1,22
BRDA:47,4,2,22
BRDA:53,5,0,0
BRDA:54,6,0,3
BRDA:54,6,1,7
BRDA:61,7,0,98
BRDA:61,7,1,0
BRDA:70,8,0,116
BRDA:70,8,1,0
BRDA:71,9,0,0
BRDA:71,9,1,116
BRDA:76,10,0,7
BRDA:76,10,1,0
BRDA:84,11,0,10
BRDA:84,11,1,0
BRDA:85,12,0,10
BRDA:85,12,1,0
BRDA:89,13,0,3
BRDA:89,13,1,7
BRDA:89,14,0,10
BRDA:89,14,1,7
BRDA:96,15,0,65
BRDA:96,15,1,0
BRDA:96,16,0,65
BRDA:96,16,1,65
BRDA:101,17,0,2
BRDA:101,17,1,8
BRDA:102,18,0,7
BRDA:102,18,1,3
BRDA:106,19,0,10
BRDA:106,19,1,0
BRDA:107,20,0,10
BRDA:107,20,1,0
BRDA:108,21,0,10
BRDA:108,21,1,0
BRDA:108,22,0,10
BRDA:108,22,1,10
BRDA:109,23,0,8
BRDA:109,23,1,2
BRDA:110,24,0,4
BRDA:110,24,1,6
BRDA:118,25,0,2
BRDA:118,25,1,8
BRDA:118,26,0,10
BRDA:118,26,1,3
BRDA:120,27,0,10
BRDA:120,27,1,0
BRDA:121,28,0,10
BRDA:121,28,1,0
BRDA:121,29,0,10
BRDA:121,29,1,10
BRDA:121,29,2,10
BRF:61
BRH:46
end_of_record
TN:
SF:lib\news\googleNews.ts
FN:35,fetchWithTimeout
FN:41,(anonymous_4)
FN:54,normalizeWhitespace
FN:58,decodeHtmlEntities
FN:69,stripHtml
FN:81,extractPublisherUrlFromDescription
FN:111,resolveGoogleNewsRssArticleUrl
FN:213,resolveArticleUrl
FN:241,extractReadableArticle
FN:292,fetchGoogleNewsRSS
FN:321,(anonymous_13)
FN:347,enrichNewsWithArticleContent
FN:351,(anonymous_15)
FNF:13
FNH:0
FNDA:0,fetchWithTimeout
FNDA:0,(anonymous_4)
FNDA:0,normalizeWhitespace
FNDA:0,decodeHtmlEntities
FNDA:0,stripHtml
FNDA:0,extractPublisherUrlFromDescription
FNDA:0,resolveGoogleNewsRssArticleUrl
FNDA:0,resolveArticleUrl
FNDA:0,extractReadableArticle
FNDA:0,fetchGoogleNewsRSS
FNDA:0,(anonymous_13)
FNDA:0,enrichNewsWithArticleContent
FNDA:0,(anonymous_15)
DA:1,0
DA:2,0
DA:3,0
DA:27,0
DA:40,0
DA:41,0
DA:43,0
DA:44,0
DA:50,0
DA:55,0
DA:59,0
DA:70,0
DA:71,0
DA:82,0
DA:84,0
DA:89,0
DA:90,0
DA:91,0
DA:96,0
DA:100,0
DA:101,0
DA:105,0
DA:108,0
DA:114,0
DA:115,0
DA:120,0
DA:122,0
DA:123,0
DA:124,0
DA:127,0
DA:128,0
DA:131,0
DA:132,0
DA:134,0
DA:137,0
DA:138,0
DA:141,0
DA:146,0
DA:159,0
DA:172,0
DA:173,0
DA:176,0
DA:177,0
DA:179,0
DA:182,0
DA:183,0
DA:186,0
DA:187,0
DA:188,0
DA:192,0
DA:193,0
DA:195,0
DA:199,0
DA:203,0
DA:204,0
DA:207,0
DA:209,0
DA:214,0
DA:215,0
DA:217,0
DA:222,0
DA:225,0
DA:226,0
DA:228,0
DA:229,0
DA:235,0
DA:237,0
DA:244,0
DA:245,0
DA:250,0
DA:251,0
DA:252,0
DA:255,0
DA:256,0
DA:257,0
DA:259,0
DA:261,0
DA:262,0
DA:264,0
DA:265,0
DA:266,0
DA:269,0
DA:271,0
DA:272,0
DA:278,0
DA:279,0
DA:285,0
DA:287,0
DA:288,0
DA:292,0
DA:296,0
DA:297,0
DA:299,0
DA:306,0
DA:307,0
DA:310,0
DA:311,0
DA:317,0
DA:318,0
DA:319,0
DA:321,0
DA:322,0
DA:325,0
DA:326,0
DA:327,0
DA:333,0
DA:336,0
DA:347,0
DA:350,0
DA:352,0
DA:354,0
DA:356,0
LF:112
LH:0
BRDA:37,0,0,0
BRDA:38,1,0,0
BRDA:70,2,0,0
BRDA:70,2,1,0
BRDA:82,3,0,0
BRDA:82,3,1,0
BRDA:91,4,0,0
BRDA:91,4,1,0
BRDA:92,5,0,0
BRDA:92,5,1,0
BRDA:92,5,2,0
BRDA:101,6,0,0
BRDA:101,6,1,0
BRDA:102,7,0,0
BRDA:102,7,1,0
BRDA:123,8,0,0
BRDA:123,8,1,0
BRDA:137,9,0,0
BRDA:137,9,1,0
BRDA:137,10,0,0
BRDA:137,10,1,0
BRDA:182,11,0,0
BRDA:182,11,1,0
BRDA:187,12,0,0
BRDA:187,12,1,0
BRDA:199,13,0,0
BRDA:199,13,1,0
BRDA:199,14,0,0
BRDA:199,14,1,0
BRDA:203,15,0,0
BRDA:203,15,1,0
BRDA:203,16,0,0
BRDA:203,16,1,0
BRDA:215,17,0,0
BRDA:215,17,1,0
BRDA:217,18,0,0
BRDA:217,18,1,0
BRDA:218,19,0,0
BRDA:218,19,1,0
BRDA:218,19,2,0
BRDA:226,20,0,0
BRDA:226,20,1,0
BRDA:235,21,0,0
BRDA:235,21,1,0
BRDA:250,22,0,0
BRDA:250,22,1,0
BRDA:251,23,0,0
BRDA:251,23,1,0
BRDA:261,24,0,0
BRDA:261,24,1,0
BRDA:262,25,0,0
BRDA:262,25,1,0
BRDA:265,26,0,0
BRDA:265,26,1,0
BRDA:265,27,0,0
BRDA:265,27,1,0
BRDA:266,28,0,0
BRDA:266,28,1,0
BRDA:271,29,0,0
BRDA:271,29,1,0
BRDA:273,30,0,0
BRDA:273,30,1,0
BRDA:278,31,0,0
BRDA:278,31,1,0
BRDA:280,32,0,0
BRDA:280,32,1,0
BRDA:294,33,0,0
BRDA:306,34,0,0
BRDA:306,34,1,0
BRDA:318,35,0,0
BRDA:318,35,1,0
BRDA:319,36,0,0
BRDA:319,36,1,0
BRDA:325,37,0,0
BRDA:325,37,1,0
BRDA:327,38,0,0
BRDA:327,38,1,0
BRDA:328,39,0,0
BRDA:328,39,1,0
BRDA:328,39,2,0
BRDA:328,39,3,0
BRDA:337,40,0,0
BRDA:337,40,1,0
BRDA:338,41,0,0
BRDA:338,41,1,0
BRDA:340,42,0,0
BRDA:340,42,1,0
BRDA:342,43,0,0
BRDA:342,43,1,0
BRF:89
BRH:0
end_of_record
TN:
SF:lib\reddit\redditDump.ts
FN:5,readDumpFile
FN:11,loadDump
FNF:2
FNH:0
FNDA:0,readDumpFile
FNDA:0,loadDump
DA:1,0
DA:2,0
DA:6,0
DA:7,0
DA:8,0
DA:11,0
DA:12,0
DA:13,0
LF:8
LH:0
BRDA:7,0,0,0
BRDA:7,0,1,0
BRDA:14,1,0,0
BRDA:14,1,1,0
BRDA:14,1,2,0
BRF:5
BRH:0
end_of_record
TN:
SF:lib\sentiment\basicSentiment.ts
FN:13,scoreSentiment
FN:18,(anonymous_4)
FN:19,(anonymous_5)
FN:37,classifySentiment
FNF:4
FNH:3
FNDA:6,scoreSentiment
FNDA:39,(anonymous_4)
FNDA:47,(anonymous_5)
FNDA:0,classifySentiment
DA:2,1
DA:3,1
DA:13,6
DA:14,6
DA:16,6
DA:17,7
DA:18,39
DA:19,47
DA:21,7
DA:22,5
DA:23,3
DA:26,6
DA:27,6
DA:29,6
DA:37,0
DA:38,0
DA:39,0
DA:40,0
DA:41,0
LF:19
LH:14
BRDA:21,0,0,2
BRDA:21,0,1,5
BRDA:21,1,0,7
BRDA:21,1,1,3
BRDA:22,2,0,2
BRDA:22,2,1,3
BRDA:22,3,0,5
BRDA:22,3,1,3
BRDA:26,4,0,6
BRDA:26,4,1,1
BRDA:39,5,0,0
BRDA:39,5,1,0
BRDA:40,6,0,0
BRDA:40,6,1,0
BRF:14
BRH:10
end_of_record
TN:
SF:lib\sentiment\newsSentiment.ts
FN:96,escapeRegex
FN:100,countKeywordOccurrences
FN:106,analyzeSentimentText
FN:154,attachArticleSentiment
FN:155,(anonymous_8)
FN:170,scoreNewsSentiment
FNF:6
FNH:1
FNDA:0,escapeRegex
FNDA:0,countKeywordOccurrences
FNDA:0,analyzeSentimentText
FNDA:0,attachArticleSentiment
FNDA:0,(anonymous_8)
FNDA:6,scoreNewsSentiment
DA:19,1
DA:56,1
DA:97,0
DA:101,0
DA:102,0
DA:103,0
DA:106,0
DA:110,0
DA:112,0
DA:113,0
DA:114,0
DA:115,0
DA:117,0
DA:118,0
DA:119,0
DA:120,0
DA:121,0
DA:125,0
DA:126,0
DA:127,0
DA:128,0
DA:129,0
DA:133,0
DA:135,0
DA:139,0
DA:140,0
DA:141,0
DA:143,0
DA:154,0
DA:155,0
DA:157,0
DA:159,0
DA:163,0
DA:170,6
DA:171,6
DA:172,6
DA:173,6
DA:174,6
DA:175,6
DA:176,6
DA:177,6
DA:178,6
DA:180,6
DA:181,7
DA:182,7
DA:184,0
DA:185,0
DA:186,0
DA:188,0
DA:189,0
DA:190,0
DA:192,0
DA:193,0
DA:196,6
DA:198,6
DA:201,6
DA:206,6
LF:57
LH:18
BRDA:103,0,0,0
BRDA:103,0,1,0
BRDA:119,1,0,0
BRDA:119,1,1,0
BRDA:127,2,0,0
BRDA:127,2,1,0
BRDA:135,3,0,0
BRDA:135,3,1,0
BRDA:140,4,0,0
BRDA:140,4,1,0
BRDA:141,5,0,0
BRDA:141,5,1,0
BRDA:157,6,0,0
BRDA:157,6,1,0
BRDA:159,7,0,0
BRDA:159,7,1,0
BRDA:161,8,0,0
BRDA:161,8,1,0
BRDA:182,9,0,7
BRDA:182,9,1,0
BRDA:188,10,0,0
BRDA:188,10,1,0
BRDA:189,11,0,0
BRDA:189,11,1,0
BRDA:192,12,0,0
BRDA:192,12,1,0
BRDA:198,13,0,5
BRDA:198,13,1,1
BRDA:201,14,0,0
BRDA:201,14,1,6
BRF:30
BRH:4
end_of_record
TN:
SF:lib\sentiment\socialSentiment.ts
FN:15,analyzeBlueskySentiment
FNF:1
FNH:0
FNDA:0,analyzeBlueskySentiment
DA:1,1
DA:15,0
DA:18,0
DA:19,0
DA:20,0
DA:21,0
DA:22,0
DA:23,0
DA:25,0
DA:26,0
DA:28,0
DA:29,0
DA:30,0
DA:32,0
DA:33,0
DA:34,0
DA:37,0
DA:39,0
DA:42,0
DA:47,0
LF:20
LH:1
BRDA:32,0,0,0
BRDA:32,0,1,0
BRDA:33,1,0,0
BRDA:33,1,1,0
BRDA:39,2,0,0
BRDA:39,2,1,0
BRDA:42,3,0,0
BRDA:42,3,1,0
BRF:8
BRH:0
end_of_record
TN:
SF:lib\social\bluesky.ts
FN:6,fetchBlueskyPosts
FN:51,getDemoSocialPosts
FNF:2
FNH:0
FNDA:0,fetchBlueskyPosts
FNDA:0,getDemoSocialPosts
DA:1,0
DA:4,0
DA:6,0
DA:7,0
DA:9,0
DA:10,0
DA:17,0
DA:18,0
DA:21,0
DA:30,0
DA:31,0
DA:32,0
DA:33,0
DA:34,0
DA:44,0
DA:46,0
DA:47,0
DA:51,0
DA:52,0
DA:53,0
LF:20
LH:0
BRDA:6,0,0,0
BRDA:17,1,0,0
BRDA:17,1,1,0
BRDA:31,2,0,0
BRDA:31,2,1,0
BRDA:32,3,0,0
BRDA:32,3,1,0
BRDA:33,4,0,0
BRDA:33,4,1,0
BRDA:35,5,0,0
BRDA:35,5,1,0
BRDA:37,6,0,0
BRDA:37,6,1,0
BRF:13
BRH:0
end_of_record
TN:
SF:lib\social\blueskyAgent.ts
FN:8,fetchBlueskyAgentPosts
FN:33,(anonymous_2)
FN:45,(anonymous_3)
FNF:3
FNH:1
FNDA:4,fetchBlueskyAgentPosts
FNDA:0,(anonymous_2)
FNDA:0,(anonymous_3)
DA:8,4
DA:12,4
DA:14,4
DA:17,4
DA:25,3
DA:26,0
DA:29,3
DA:30,3
DA:32,3
DA:33,0
DA:45,0
DA:47,1
DA:48,1
LF:13
LH:10
BRDA:10,0,0,0
BRDA:25,1,0,0
BRDA:25,1,1,3
BRDA:30,2,0,0
BRDA:30,2,1,3
BRDA:34,3,0,0
BRDA:34,3,1,0
BRDA:36,4,0,0
BRDA:36,4,1,0
BRDA:40,5,0,0
BRDA:40,5,1,0
BRDA:43,6,0,0
BRDA:43,6,1,0
BRF:13
BRH:2
end_of_record
